# JRE version: OpenJDK Runtime Environment (11.0.11+9) (build 11.0.11+9-b60-7590822)
# Java VM: OpenJDK 64-Bit Server VM (11.0.11+9-b60-7590822, mixed mode, tiered, compressed oops, g1 gc, windows-amd64)
Heap:
 garbage-first heap   total 155648K, used 99407K [0x0000000080000000, 0x0000000100000000)
  region size 1024K, 23 young (23552K), 5 survivors (5120K)
 Metaspace       used 63196K, capacity 64942K, committed 65096K, reserved 1105920K
  class space    used 8046K, capacity 8646K, committed 8704K, reserved 1048576K
GC Heap History (20 events):
Event: 6.349 GC heap before
{Heap before GC invocations=11 (full 0):
 garbage-first heap   total 129024K, used 89577K [0x0000000080000000, 0x0000000100000000)
  region size 1024K, 50 young (51200K), 5 survivors (5120K)
 Metaspace       used 45780K, capacity 46944K, committed 47176K, reserved 1089536K
  class space    used 5966K, capacity 6386K, committed 6400K, reserved 1048576K
}
Event: 6.353 GC heap after
{Heap after GC invocations=12 (full 0):
 garbage-first heap   total 129024K, used 44713K [0x0000000080000000, 0x0000000100000000)
  region size 1024K, 4 young (4096K), 4 survivors (4096K)
 Metaspace       used 45780K, capacity 46944K, committed 47176K, reserved 1089536K
  class space    used 5966K, capacity 6386K, committed 6400K, reserved 1048576K
}
Event: 6.971 GC heap before
{Heap before GC invocations=12 (full 0):
 garbage-first heap   total 129024K, used 95913K [0x0000000080000000, 0x0000000100000000)
  region size 1024K, 51 young (52224K), 4 survivors (4096K)
 Metaspace       used 48196K, capacity 49501K, committed 49608K, reserved 1091584K
  class space    used 6224K, capacity 6718K, committed 6784K, reserved 1048576K
}
Event: 6.976 GC heap after
{Heap after GC invocations=13 (full 0):
 garbage-first heap   total 129024K, used 50973K [0x0000000080000000, 0x0000000100000000)
  region size 1024K, 7 young (7168K), 7 survivors (7168K)
 Metaspace       used 48196K, capacity 49501K, committed 49608K, reserved 1091584K
  class space    used 6224K, capacity 6718K, committed 6784K, reserved 1048576K
}
Event: 7.410 GC heap before
{Heap before GC invocations=13 (full 0):
 garbage-first heap   total 129024K, used 97053K [0x0000000080000000, 0x0000000100000000)
  region size 1024K, 52 young (53248K), 7 survivors (7168K)
 Metaspace       used 50727K, capacity 52214K, committed 52424K, reserved 1095680K
  class space    used 6412K, capacity 6915K, committed 7040K, reserved 1048576K
}
Event: 7.416 GC heap after
{Heap after GC invocations=14 (full 0):
 garbage-first heap   total 129024K, used 52868K [0x0000000080000000, 0x0000000100000000)
  region size 1024K, 6 young (6144K), 6 survivors (6144K)
 Metaspace       used 50727K, capacity 52214K, committed 52424K, reserved 1095680K
  class space    used 6412K, capacity 6915K, committed 7040K, reserved 1048576K
}
Event: 8.017 GC heap before
{Heap before GC invocations=14 (full 0):
 garbage-first heap   total 129024K, used 103044K [0x0000000080000000, 0x0000000100000000)
  region size 1024K, 51 young (52224K), 6 survivors (6144K)
 Metaspace       used 52746K, capacity 54343K, committed 54472K, reserved 1097728K
  class space    used 6725K, capacity 7280K, committed 7296K, reserved 1048576K
}
Event: 8.022 GC heap after
{Heap after GC invocations=15 (full 0):
 garbage-first heap   total 129024K, used 60860K [0x0000000080000000, 0x0000000100000000)
  region size 1024K, 6 young (6144K), 6 survivors (6144K)
 Metaspace       used 52746K, capacity 54343K, committed 54472K, reserved 1097728K
  class space    used 6725K, capacity 7280K, committed 7296K, reserved 1048576K
}
Event: 8.463 GC heap before
{Heap before GC invocations=15 (full 0):
 garbage-first heap   total 129024K, used 102844K [0x0000000080000000, 0x0000000100000000)
  region size 1024K, 47 young (48128K), 6 survivors (6144K)
 Metaspace       used 54967K, capacity 56778K, committed 56904K, reserved 1099776K
  class space    used 7087K, capacity 7667K, committed 7680K, reserved 1048576K
}
Event: 8.468 GC heap after
{Heap after GC invocations=16 (full 0):
 garbage-first heap   total 129024K, used 62252K [0x0000000080000000, 0x0000000100000000)
  region size 1024K, 2 young (2048K), 2 survivors (2048K)
 Metaspace       used 54967K, capacity 56778K, committed 56904K, reserved 1099776K
  class space    used 7087K, capacity 7667K, committed 7680K, reserved 1048576K
}
Event: 10.265 GC heap before
{Heap before GC invocations=16 (full 0):
 garbage-first heap   total 129024K, used 103212K [0x0000000080000000, 0x0000000100000000)
  region size 1024K, 43 young (44032K), 2 survivors (2048K)
 Metaspace       used 56307K, capacity 58138K, committed 58440K, reserved 1099776K
  class space    used 7206K, capacity 7812K, committed 7936K, reserved 1048576K
}
Event: 10.271 GC heap after
{Heap after GC invocations=17 (full 0):
 garbage-first heap   total 129024K, used 65002K [0x0000000080000000, 0x0000000100000000)
  region size 1024K, 5 young (5120K), 5 survivors (5120K)
 Metaspace       used 56307K, capacity 58138K, committed 58440K, reserved 1099776K
  class space    used 7206K, capacity 7812K, committed 7936K, reserved 1048576K
}
Event: 10.403 GC heap before
{Heap before GC invocations=18 (full 0):
 garbage-first heap   total 129024K, used 69098K [0x0000000080000000, 0x0000000100000000)
  region size 1024K, 11 young (11264K), 5 survivors (5120K)
 Metaspace       used 56430K, capacity 58172K, committed 58440K, reserved 1099776K
  class space    used 7222K, capacity 7799K, committed 7936K, reserved 1048576K
}
Event: 10.411 GC heap after
{Heap after GC invocations=19 (full 0):
 garbage-first heap   total 129024K, used 65840K [0x0000000080000000, 0x0000000100000000)
  region size 1024K, 1 young (1024K), 1 survivors (1024K)
 Metaspace       used 56430K, capacity 58172K, committed 58440K, reserved 1099776K
  class space    used 7222K, capacity 7799K, committed 7936K, reserved 1048576K
}
Event: 10.786 GC heap before
{Heap before GC invocations=20 (full 0):
 garbage-first heap   total 129024K, used 73008K [0x0000000080000000, 0x0000000100000000)
  region size 1024K, 5 young (5120K), 1 survivors (1024K)
 Metaspace       used 56439K, capacity 58172K, committed 58440K, reserved 1099776K
  class space    used 7222K, capacity 7799K, committed 7936K, reserved 1048576K
}
Event: 10.795 GC heap after
{Heap after GC invocations=21 (full 0):
 garbage-first heap   total 129024K, used 72283K [0x0000000080000000, 0x0000000100000000)
  region size 1024K, 4 young (4096K), 4 survivors (4096K)
 Metaspace       used 56439K, capacity 58172K, committed 58440K, reserved 1099776K
  class space    used 7222K, capacity 7799K, committed 7936K, reserved 1048576K
}
Event: 10.935 GC heap before
{Heap before GC invocations=22 (full 0):
 garbage-first heap   total 129024K, used 78427K [0x0000000080000000, 0x0000000100000000)
  region size 1024K, 8 young (8192K), 4 survivors (4096K)
 Metaspace       used 56370K, capacity 58055K, committed 58440K, reserved 1099776K
  class space    used 7201K, capacity 7760K, committed 7936K, reserved 1048576K
}
Event: 10.942 GC heap after
{Heap after GC invocations=23 (full 0):
 garbage-first heap   total 155648K, used 77784K [0x0000000080000000, 0x0000000100000000)
  region size 1024K, 3 young (3072K), 3 survivors (3072K)
 Metaspace       used 56370K, capacity 58055K, committed 58440K, reserved 1099776K
  class space    used 7201K, capacity 7760K, committed 7936K, reserved 1048576K
}
Event: 11.529 GC heap before
{Heap before GC invocations=24 (full 0):
 garbage-first heap   total 155648K, used 116696K [0x0000000080000000, 0x0000000100000000)
  region size 1024K, 39 young (39936K), 3 survivors (3072K)
 Metaspace       used 60580K, capacity 62483K, committed 62792K, reserved 1103872K
  class space    used 7728K, capacity 8339K, committed 8448K, reserved 1048576K
}
Event: 11.532 GC heap after
{Heap after GC invocations=25 (full 0):
 garbage-first heap   total 155648K, used 81999K [0x0000000080000000, 0x0000000100000000)
  region size 1024K, 5 young (5120K), 5 survivors (5120K)
 Metaspace       used 60580K, capacity 62483K, committed 62792K, reserved 1103872K
  class space    used 7728K, capacity 8339K, committed 8448K, reserved 1048576K
}

